<?xml version="1.0" encoding="UTF-8"?>
<!-- Generated by org.testng.reporters.JUnitReportReporter -->
<testsuite hostname="EPPLWROW0082" failures="0" tests="1" name="TC_005_GET_REQUEST" time="30.989" errors="0" timestamp="2022-12-01T15:41:59 CET" skipped="0">
  <testcase classname="TC_005_GET_REQUEST" name="getMovieAndActorNames" time="30.989"/>
  <system-out/>
</testsuite> <!-- TC_005_GET_REQUEST -->
