<?xml version="1.0" encoding="UTF-8"?>
<!-- Generated by org.testng.reporters.JUnitReportReporter -->
<testsuite hostname="EPPLWROW0082" failures="0" tests="1" name="TC004_GET_REQUEST3" time="1.718" errors="0" timestamp="2022-12-01T15:19:27 CET" skipped="0">
  <testcase classname="TC004_GET_REQUEST3" name="singleUserRestTest" time="1.718"/>
  <system-out/>
</testsuite> <!-- TC004_GET_REQUEST3 -->
